  States.cpp
  Project.vcxproj -> C:\Users\Hotdog\Downloads\Base Assignment Project(1)\Base Assignment Project - Josh\x64\Debug\Project.exe
          1 file(s) copied.
          1 file(s) copied.
          1 file(s) copied.
          1 file(s) copied.
          1 file(s) copied.
          1 file(s) copied.
          1 file(s) copied.
          1 file(s) copied.
  C:\Users\Hotdog\Downloads\Base Assignment Project(1)\Base Assignment Project - Josh\Project\Assets\Audio\enemy.wav
  C:\Users\Hotdog\Downloads\Base Assignment Project(1)\Base Assignment Project - Josh\Project\Assets\Audio\explode.wav
  C:\Users\Hotdog\Downloads\Base Assignment Project(1)\Base Assignment Project - Josh\Project\Assets\Audio\game.mp3
  C:\Users\Hotdog\Downloads\Base Assignment Project(1)\Base Assignment Project - Josh\Project\Assets\Audio\laser.wav
  C:\Users\Hotdog\Downloads\Base Assignment Project(1)\Base Assignment Project - Josh\Project\Assets\Images\1.png
  C:\Users\Hotdog\Downloads\Base Assignment Project(1)\Base Assignment Project - Josh\Project\Assets\Images\background.png
  C:\Users\Hotdog\Downloads\Base Assignment Project(1)\Base Assignment Project - Josh\Project\Assets\Images\Lose.jpg
  C:\Users\Hotdog\Downloads\Base Assignment Project(1)\Base Assignment Project - Josh\Project\Assets\Images\MMButton.png
  C:\Users\Hotdog\Downloads\Base Assignment Project(1)\Base Assignment Project - Josh\Project\Assets\Images\MMButton1.png
  C:\Users\Hotdog\Downloads\Base Assignment Project(1)\Base Assignment Project - Josh\Project\Assets\Images\Pause.jpg
  C:\Users\Hotdog\Downloads\Base Assignment Project(1)\Base Assignment Project - Josh\Project\Assets\Images\PButton.png
  C:\Users\Hotdog\Downloads\Base Assignment Project(1)\Base Assignment Project - Josh\Project\Assets\Images\playButton.png
  C:\Users\Hotdog\Downloads\Base Assignment Project(1)\Base Assignment Project - Josh\Project\Assets\Images\space.jpg
  C:\Users\Hotdog\Downloads\Base Assignment Project(1)\Base Assignment Project - Josh\Project\Assets\Images\sprites.png
  C:\Users\Hotdog\Downloads\Base Assignment Project(1)\Base Assignment Project - Josh\Project\Assets\Images\Win.jpg
  15 File(s) copied
